  PostProcessor.cpp
D:\User\Gosha\Documents\Repos\SAPR\SAPR\PostProcessor.cpp(86,28): warning C4244: аргумент: преобразование "double" в "int", возможна потеря данных
D:\User\Gosha\Documents\Repos\SAPR\SAPR\PostProcessor.cpp(116,42): warning C4244: +=: преобразование "double" в "int", возможна потеря данных
D:\User\Gosha\Documents\Repos\SAPR\SAPR\PostProcessor.cpp(163,15): warning C4244: инициализация: преобразование "double" в "int", возможна потеря данных
D:\User\Gosha\Documents\Repos\SAPR\SAPR\PostProcessor.cpp(164,15): warning C4244: инициализация: преобразование "double" в "int", возможна потеря данных
D:\User\Gosha\Documents\Repos\SAPR\SAPR\PostProcessor.cpp(165,15): warning C4244: инициализация: преобразование "double" в "int", возможна потеря данных
D:\User\Gosha\Documents\Repos\SAPR\SAPR\PostProcessor.cpp(166,19): warning C4244: инициализация: преобразование "double" в "int", возможна потеря данных
D:\User\Gosha\Documents\Repos\SAPR\SAPR\PostProcessor.cpp(167,19): warning C4244: инициализация: преобразование "double" в "int", возможна потеря данных
D:\User\Gosha\Documents\Repos\SAPR\SAPR\PostProcessor.cpp(172,45): warning C4244: аргумент: преобразование "double" в "int", возможна потеря данных
D:\User\Gosha\Documents\Repos\SAPR\SAPR\PostProcessor.cpp(187,119): warning C4244: аргумент: преобразование "double" в "int", возможна потеря данных
D:\User\Gosha\Documents\Repos\SAPR\SAPR\PostProcessor.cpp(187,106): warning C4244: аргумент: преобразование "double" в "int", возможна потеря данных
D:\User\Gosha\Documents\Repos\SAPR\SAPR\PostProcessor.cpp(187,84): warning C4244: аргумент: преобразование "double" в "int", возможна потеря данных
D:\User\Gosha\Documents\Repos\SAPR\SAPR\PostProcessor.cpp(187,64): warning C4244: аргумент: преобразование "double" в "int", возможна потеря данных
D:\User\Gosha\Documents\Repos\SAPR\SAPR\PostProcessor.cpp(200,59): warning C4244: аргумент: преобразование "double" в "int", возможна потеря данных
D:\User\Gosha\Documents\Repos\SAPR\SAPR\PostProcessor.cpp(200,34): warning C4244: аргумент: преобразование "double" в "int", возможна потеря данных
D:\User\Gosha\Documents\Repos\SAPR\SAPR\PostProcessor.cpp(210,99): warning C4244: аргумент: преобразование "double" в "int", возможна потеря данных
D:\User\Gosha\Documents\Repos\SAPR\SAPR\PostProcessor.cpp(210,61): warning C4244: аргумент: преобразование "double" в "int", возможна потеря данных
D:\User\Gosha\Documents\Repos\SAPR\SAPR\PostProcessor.cpp(211,99): warning C4244: аргумент: преобразование "double" в "int", возможна потеря данных
D:\User\Gosha\Documents\Repos\SAPR\SAPR\PostProcessor.cpp(211,61): warning C4244: аргумент: преобразование "double" в "int", возможна потеря данных
D:\User\Gosha\Documents\Repos\SAPR\SAPR\PostProcessor.cpp(212,99): warning C4244: аргумент: преобразование "double" в "int", возможна потеря данных
D:\User\Gosha\Documents\Repos\SAPR\SAPR\PostProcessor.cpp(212,61): warning C4244: аргумент: преобразование "double" в "int", возможна потеря данных
D:\User\Gosha\Documents\Repos\SAPR\SAPR\PostProcessor.cpp(213,99): warning C4244: аргумент: преобразование "double" в "int", возможна потеря данных
D:\User\Gosha\Documents\Repos\SAPR\SAPR\PostProcessor.cpp(213,61): warning C4244: аргумент: преобразование "double" в "int", возможна потеря данных
D:\User\Gosha\Documents\Repos\SAPR\SAPR\PostProcessor.cpp(214,95): warning C4244: аргумент: преобразование "double" в "int", возможна потеря данных
D:\User\Gosha\Documents\Repos\SAPR\SAPR\PostProcessor.cpp(214,56): warning C4244: аргумент: преобразование "double" в "int", возможна потеря данных
D:\User\Gosha\Documents\Repos\SAPR\SAPR\PostProcessor.cpp(215,100): warning C4244: аргумент: преобразование "double" в "int", возможна потеря данных
D:\User\Gosha\Documents\Repos\SAPR\SAPR\PostProcessor.cpp(215,61): warning C4244: аргумент: преобразование "double" в "int", возможна потеря данных
D:\User\Gosha\Documents\Repos\SAPR\SAPR\PostProcessor.cpp(216,100): warning C4244: аргумент: преобразование "double" в "int", возможна потеря данных
D:\User\Gosha\Documents\Repos\SAPR\SAPR\PostProcessor.cpp(216,61): warning C4244: аргумент: преобразование "double" в "int", возможна потеря данных
D:\User\Gosha\Documents\Repos\SAPR\SAPR\PostProcessor.cpp(217,100): warning C4244: аргумент: преобразование "double" в "int", возможна потеря данных
D:\User\Gosha\Documents\Repos\SAPR\SAPR\PostProcessor.cpp(217,61): warning C4244: аргумент: преобразование "double" в "int", возможна потеря данных
D:\User\Gosha\Documents\Repos\SAPR\SAPR\PostProcessor.cpp(218,100): warning C4244: аргумент: преобразование "double" в "int", возможна потеря данных
D:\User\Gosha\Documents\Repos\SAPR\SAPR\PostProcessor.cpp(218,61): warning C4244: аргумент: преобразование "double" в "int", возможна потеря данных
D:\User\Gosha\Documents\Repos\SAPR\SAPR\PostProcessor.cpp(224,159): warning C4244: аргумент: преобразование "double" в "int", возможна потеря данных
D:\User\Gosha\Documents\Repos\SAPR\SAPR\PostProcessor.cpp(224,91): warning C4244: аргумент: преобразование "double" в "int", возможна потеря данных
D:\User\Gosha\Documents\Repos\SAPR\SAPR\PostProcessor.cpp(225,159): warning C4244: аргумент: преобразование "double" в "int", возможна потеря данных
D:\User\Gosha\Documents\Repos\SAPR\SAPR\PostProcessor.cpp(225,91): warning C4244: аргумент: преобразование "double" в "int", возможна потеря данных
D:\User\Gosha\Documents\Repos\SAPR\SAPR\PostProcessor.cpp(226,159): warning C4244: аргумент: преобразование "double" в "int", возможна потеря данных
D:\User\Gosha\Documents\Repos\SAPR\SAPR\PostProcessor.cpp(226,91): warning C4244: аргумент: преобразование "double" в "int", возможна потеря данных
D:\User\Gosha\Documents\Repos\SAPR\SAPR\PostProcessor.cpp(227,159): warning C4244: аргумент: преобразование "double" в "int", возможна потеря данных
D:\User\Gosha\Documents\Repos\SAPR\SAPR\PostProcessor.cpp(227,91): warning C4244: аргумент: преобразование "double" в "int", возможна потеря данных
D:\User\Gosha\Documents\Repos\SAPR\SAPR\PostProcessor.cpp(228,155): warning C4244: аргумент: преобразование "double" в "int", возможна потеря данных
D:\User\Gosha\Documents\Repos\SAPR\SAPR\PostProcessor.cpp(228,86): warning C4244: аргумент: преобразование "double" в "int", возможна потеря данных
D:\User\Gosha\Documents\Repos\SAPR\SAPR\PostProcessor.cpp(229,160): warning C4244: аргумент: преобразование "double" в "int", возможна потеря данных
D:\User\Gosha\Documents\Repos\SAPR\SAPR\PostProcessor.cpp(229,91): warning C4244: аргумент: преобразование "double" в "int", возможна потеря данных
D:\User\Gosha\Documents\Repos\SAPR\SAPR\PostProcessor.cpp(230,160): warning C4244: аргумент: преобразование "double" в "int", возможна потеря данных
D:\User\Gosha\Documents\Repos\SAPR\SAPR\PostProcessor.cpp(230,91): warning C4244: аргумент: преобразование "double" в "int", возможна потеря данных
D:\User\Gosha\Documents\Repos\SAPR\SAPR\PostProcessor.cpp(231,160): warning C4244: аргумент: преобразование "double" в "int", возможна потеря данных
D:\User\Gosha\Documents\Repos\SAPR\SAPR\PostProcessor.cpp(231,91): warning C4244: аргумент: преобразование "double" в "int", возможна потеря данных
D:\User\Gosha\Documents\Repos\SAPR\SAPR\PostProcessor.cpp(232,160): warning C4244: аргумент: преобразование "double" в "int", возможна потеря данных
D:\User\Gosha\Documents\Repos\SAPR\SAPR\PostProcessor.cpp(232,91): warning C4244: аргумент: преобразование "double" в "int", возможна потеря данных
D:\User\Gosha\Documents\Repos\SAPR\SAPR\PostProcessor.cpp(243,84): warning C4244: аргумент: преобразование "double" в "int", возможна потеря данных
D:\User\Gosha\Documents\Repos\SAPR\SAPR\PostProcessor.cpp(243,55): warning C4244: аргумент: преобразование "double" в "int", возможна потеря данных
D:\User\Gosha\Documents\Repos\SAPR\SAPR\PostProcessor.cpp(244,84): warning C4244: аргумент: преобразование "double" в "int", возможна потеря данных
D:\User\Gosha\Documents\Repos\SAPR\SAPR\PostProcessor.cpp(244,55): warning C4244: аргумент: преобразование "double" в "int", возможна потеря данных
D:\User\Gosha\Documents\Repos\SAPR\SAPR\PostProcessor.cpp(245,84): warning C4244: аргумент: преобразование "double" в "int", возможна потеря данных
D:\User\Gosha\Documents\Repos\SAPR\SAPR\PostProcessor.cpp(245,55): warning C4244: аргумент: преобразование "double" в "int", возможна потеря данных
D:\User\Gosha\Documents\Repos\SAPR\SAPR\PostProcessor.cpp(246,84): warning C4244: аргумент: преобразование "double" в "int", возможна потеря данных
D:\User\Gosha\Documents\Repos\SAPR\SAPR\PostProcessor.cpp(246,55): warning C4244: аргумент: преобразование "double" в "int", возможна потеря данных
D:\User\Gosha\Documents\Repos\SAPR\SAPR\PostProcessor.cpp(247,84): warning C4244: аргумент: преобразование "double" в "int", возможна потеря данных
D:\User\Gosha\Documents\Repos\SAPR\SAPR\PostProcessor.cpp(247,55): warning C4244: аргумент: преобразование "double" в "int", возможна потеря данных
D:\User\Gosha\Documents\Repos\SAPR\SAPR\PostProcessor.cpp(248,84): warning C4244: аргумент: преобразование "double" в "int", возможна потеря данных
D:\User\Gosha\Documents\Repos\SAPR\SAPR\PostProcessor.cpp(248,55): warning C4244: аргумент: преобразование "double" в "int", возможна потеря данных
D:\User\Gosha\Documents\Repos\SAPR\SAPR\PostProcessor.cpp(249,84): warning C4244: аргумент: преобразование "double" в "int", возможна потеря данных
D:\User\Gosha\Documents\Repos\SAPR\SAPR\PostProcessor.cpp(249,55): warning C4244: аргумент: преобразование "double" в "int", возможна потеря данных
D:\User\Gosha\Documents\Repos\SAPR\SAPR\PostProcessor.cpp(250,84): warning C4244: аргумент: преобразование "double" в "int", возможна потеря данных
D:\User\Gosha\Documents\Repos\SAPR\SAPR\PostProcessor.cpp(250,55): warning C4244: аргумент: преобразование "double" в "int", возможна потеря данных
D:\User\Gosha\Documents\Repos\SAPR\SAPR\PostProcessor.cpp(251,79): warning C4244: аргумент: преобразование "double" в "int", возможна потеря данных
D:\User\Gosha\Documents\Repos\SAPR\SAPR\PostProcessor.cpp(251,53): warning C4244: аргумент: преобразование "double" в "int", возможна потеря данных
D:\User\Gosha\Documents\Repos\SAPR\SAPR\PostProcessor.cpp(252,79): warning C4244: аргумент: преобразование "double" в "int", возможна потеря данных
D:\User\Gosha\Documents\Repos\SAPR\SAPR\PostProcessor.cpp(252,53): warning C4244: аргумент: преобразование "double" в "int", возможна потеря данных
D:\User\Gosha\Documents\Repos\SAPR\SAPR\PostProcessor.cpp(253,79): warning C4244: аргумент: преобразование "double" в "int", возможна потеря данных
D:\User\Gosha\Documents\Repos\SAPR\SAPR\PostProcessor.cpp(253,53): warning C4244: аргумент: преобразование "double" в "int", возможна потеря данных
D:\User\Gosha\Documents\Repos\SAPR\SAPR\PostProcessor.cpp(254,79): warning C4244: аргумент: преобразование "double" в "int", возможна потеря данных
D:\User\Gosha\Documents\Repos\SAPR\SAPR\PostProcessor.cpp(254,53): warning C4244: аргумент: преобразование "double" в "int", возможна потеря данных
D:\User\Gosha\Documents\Repos\SAPR\SAPR\PostProcessor.cpp(255,80): warning C4244: аргумент: преобразование "double" в "int", возможна потеря данных
D:\User\Gosha\Documents\Repos\SAPR\SAPR\PostProcessor.cpp(255,53): warning C4244: аргумент: преобразование "double" в "int", возможна потеря данных
D:\User\Gosha\Documents\Repos\SAPR\SAPR\PostProcessor.cpp(256,80): warning C4244: аргумент: преобразование "double" в "int", возможна потеря данных
D:\User\Gosha\Documents\Repos\SAPR\SAPR\PostProcessor.cpp(256,53): warning C4244: аргумент: преобразование "double" в "int", возможна потеря данных
D:\User\Gosha\Documents\Repos\SAPR\SAPR\PostProcessor.cpp(257,80): warning C4244: аргумент: преобразование "double" в "int", возможна потеря данных
D:\User\Gosha\Documents\Repos\SAPR\SAPR\PostProcessor.cpp(257,53): warning C4244: аргумент: преобразование "double" в "int", возможна потеря данных
D:\User\Gosha\Documents\Repos\SAPR\SAPR\PostProcessor.cpp(258,80): warning C4244: аргумент: преобразование "double" в "int", возможна потеря данных
D:\User\Gosha\Documents\Repos\SAPR\SAPR\PostProcessor.cpp(258,53): warning C4244: аргумент: преобразование "double" в "int", возможна потеря данных
D:\User\Gosha\Documents\Repos\SAPR\SAPR\PostProcessor.cpp(259,80): warning C4244: аргумент: преобразование "double" в "int", возможна потеря данных
D:\User\Gosha\Documents\Repos\SAPR\SAPR\PostProcessor.cpp(259,53): warning C4244: аргумент: преобразование "double" в "int", возможна потеря данных
D:\User\Gosha\Documents\Repos\SAPR\SAPR\PostProcessor.cpp(260,85): warning C4244: аргумент: преобразование "double" в "int", возможна потеря данных
D:\User\Gosha\Documents\Repos\SAPR\SAPR\PostProcessor.cpp(260,55): warning C4244: аргумент: преобразование "double" в "int", возможна потеря данных
D:\User\Gosha\Documents\Repos\SAPR\SAPR\PostProcessor.cpp(261,85): warning C4244: аргумент: преобразование "double" в "int", возможна потеря данных
D:\User\Gosha\Documents\Repos\SAPR\SAPR\PostProcessor.cpp(261,55): warning C4244: аргумент: преобразование "double" в "int", возможна потеря данных
D:\User\Gosha\Documents\Repos\SAPR\SAPR\PostProcessor.cpp(262,85): warning C4244: аргумент: преобразование "double" в "int", возможна потеря данных
D:\User\Gosha\Documents\Repos\SAPR\SAPR\PostProcessor.cpp(262,55): warning C4244: аргумент: преобразование "double" в "int", возможна потеря данных
D:\User\Gosha\Documents\Repos\SAPR\SAPR\PostProcessor.cpp(263,85): warning C4244: аргумент: преобразование "double" в "int", возможна потеря данных
D:\User\Gosha\Documents\Repos\SAPR\SAPR\PostProcessor.cpp(263,55): warning C4244: аргумент: преобразование "double" в "int", возможна потеря данных
D:\User\Gosha\Documents\Repos\SAPR\SAPR\PostProcessor.cpp(264,85): warning C4244: аргумент: преобразование "double" в "int", возможна потеря данных
D:\User\Gosha\Documents\Repos\SAPR\SAPR\PostProcessor.cpp(264,55): warning C4244: аргумент: преобразование "double" в "int", возможна потеря данных
D:\User\Gosha\Documents\Repos\SAPR\SAPR\PostProcessor.cpp(265,85): warning C4244: аргумент: преобразование "double" в "int", возможна потеря данных
D:\User\Gosha\Documents\Repos\SAPR\SAPR\PostProcessor.cpp(265,55): warning C4244: аргумент: преобразование "double" в "int", возможна потеря данных
D:\User\Gosha\Documents\Repos\SAPR\SAPR\PostProcessor.cpp(266,85): warning C4244: аргумент: преобразование "double" в "int", возможна потеря данных
D:\User\Gosha\Documents\Repos\SAPR\SAPR\PostProcessor.cpp(266,55): warning C4244: аргумент: преобразование "double" в "int", возможна потеря данных
D:\User\Gosha\Documents\Repos\SAPR\SAPR\PostProcessor.cpp(267,85): warning C4244: аргумент: преобразование "double" в "int", возможна потеря данных
D:\User\Gosha\Documents\Repos\SAPR\SAPR\PostProcessor.cpp(267,55): warning C4244: аргумент: преобразование "double" в "int", возможна потеря данных
D:\User\Gosha\Documents\Repos\SAPR\SAPR\PostProcessor.cpp(270,84): warning C4244: аргумент: преобразование "double" в "int", возможна потеря данных
D:\User\Gosha\Documents\Repos\SAPR\SAPR\PostProcessor.cpp(270,55): warning C4244: аргумент: преобразование "double" в "int", возможна потеря данных
D:\User\Gosha\Documents\Repos\SAPR\SAPR\PostProcessor.cpp(271,84): warning C4244: аргумент: преобразование "double" в "int", возможна потеря данных
D:\User\Gosha\Documents\Repos\SAPR\SAPR\PostProcessor.cpp(271,55): warning C4244: аргумент: преобразование "double" в "int", возможна потеря данных
D:\User\Gosha\Documents\Repos\SAPR\SAPR\PostProcessor.cpp(272,84): warning C4244: аргумент: преобразование "double" в "int", возможна потеря данных
D:\User\Gosha\Documents\Repos\SAPR\SAPR\PostProcessor.cpp(272,55): warning C4244: аргумент: преобразование "double" в "int", возможна потеря данных
D:\User\Gosha\Documents\Repos\SAPR\SAPR\PostProcessor.cpp(273,84): warning C4244: аргумент: преобразование "double" в "int", возможна потеря данных
D:\User\Gosha\Documents\Repos\SAPR\SAPR\PostProcessor.cpp(273,55): warning C4244: аргумент: преобразование "double" в "int", возможна потеря данных
D:\User\Gosha\Documents\Repos\SAPR\SAPR\PostProcessor.cpp(274,84): warning C4244: аргумент: преобразование "double" в "int", возможна потеря данных
D:\User\Gosha\Documents\Repos\SAPR\SAPR\PostProcessor.cpp(274,55): warning C4244: аргумент: преобразование "double" в "int", возможна потеря данных
D:\User\Gosha\Documents\Repos\SAPR\SAPR\PostProcessor.cpp(275,84): warning C4244: аргумент: преобразование "double" в "int", возможна потеря данных
D:\User\Gosha\Documents\Repos\SAPR\SAPR\PostProcessor.cpp(275,55): warning C4244: аргумент: преобразование "double" в "int", возможна потеря данных
D:\User\Gosha\Documents\Repos\SAPR\SAPR\PostProcessor.cpp(276,84): warning C4244: аргумент: преобразование "double" в "int", возможна потеря данных
D:\User\Gosha\Documents\Repos\SAPR\SAPR\PostProcessor.cpp(276,55): warning C4244: аргумент: преобразование "double" в "int", возможна потеря данных
D:\User\Gosha\Documents\Repos\SAPR\SAPR\PostProcessor.cpp(277,84): warning C4244: аргумент: преобразование "double" в "int", возможна потеря данных
D:\User\Gosha\Documents\Repos\SAPR\SAPR\PostProcessor.cpp(277,55): warning C4244: аргумент: преобразование "double" в "int", возможна потеря данных
D:\User\Gosha\Documents\Repos\SAPR\SAPR\PostProcessor.cpp(278,79): warning C4244: аргумент: преобразование "double" в "int", возможна потеря данных
D:\User\Gosha\Documents\Repos\SAPR\SAPR\PostProcessor.cpp(278,53): warning C4244: аргумент: преобразование "double" в "int", возможна потеря данных
D:\User\Gosha\Documents\Repos\SAPR\SAPR\PostProcessor.cpp(279,79): warning C4244: аргумент: преобразование "double" в "int", возможна потеря данных
D:\User\Gosha\Documents\Repos\SAPR\SAPR\PostProcessor.cpp(279,53): warning C4244: аргумент: преобразование "double" в "int", возможна потеря данных
D:\User\Gosha\Documents\Repos\SAPR\SAPR\PostProcessor.cpp(280,79): warning C4244: аргумент: преобразование "double" в "int", возможна потеря данных
D:\User\Gosha\Documents\Repos\SAPR\SAPR\PostProcessor.cpp(280,53): warning C4244: аргумент: преобразование "double" в "int", возможна потеря данных
D:\User\Gosha\Documents\Repos\SAPR\SAPR\PostProcessor.cpp(281,79): warning C4244: аргумент: преобразование "double" в "int", возможна потеря данных
D:\User\Gosha\Documents\Repos\SAPR\SAPR\PostProcessor.cpp(281,53): warning C4244: аргумент: преобразование "double" в "int", возможна потеря данных
D:\User\Gosha\Documents\Repos\SAPR\SAPR\PostProcessor.cpp(282,80): warning C4244: аргумент: преобразование "double" в "int", возможна потеря данных
D:\User\Gosha\Documents\Repos\SAPR\SAPR\PostProcessor.cpp(282,53): warning C4244: аргумент: преобразование "double" в "int", возможна потеря данных
D:\User\Gosha\Documents\Repos\SAPR\SAPR\PostProcessor.cpp(283,80): warning C4244: аргумент: преобразование "double" в "int", возможна потеря данных
D:\User\Gosha\Documents\Repos\SAPR\SAPR\PostProcessor.cpp(283,53): warning C4244: аргумент: преобразование "double" в "int", возможна потеря данных
D:\User\Gosha\Documents\Repos\SAPR\SAPR\PostProcessor.cpp(284,80): warning C4244: аргумент: преобразование "double" в "int", возможна потеря данных
D:\User\Gosha\Documents\Repos\SAPR\SAPR\PostProcessor.cpp(284,53): warning C4244: аргумент: преобразование "double" в "int", возможна потеря данных
D:\User\Gosha\Documents\Repos\SAPR\SAPR\PostProcessor.cpp(285,80): warning C4244: аргумент: преобразование "double" в "int", возможна потеря данных
D:\User\Gosha\Documents\Repos\SAPR\SAPR\PostProcessor.cpp(285,53): warning C4244: аргумент: преобразование "double" в "int", возможна потеря данных
D:\User\Gosha\Documents\Repos\SAPR\SAPR\PostProcessor.cpp(286,80): warning C4244: аргумент: преобразование "double" в "int", возможна потеря данных
D:\User\Gosha\Documents\Repos\SAPR\SAPR\PostProcessor.cpp(286,53): warning C4244: аргумент: преобразование "double" в "int", возможна потеря данных
D:\User\Gosha\Documents\Repos\SAPR\SAPR\PostProcessor.cpp(287,85): warning C4244: аргумент: преобразование "double" в "int", возможна потеря данных
D:\User\Gosha\Documents\Repos\SAPR\SAPR\PostProcessor.cpp(287,55): warning C4244: аргумент: преобразование "double" в "int", возможна потеря данных
D:\User\Gosha\Documents\Repos\SAPR\SAPR\PostProcessor.cpp(288,85): warning C4244: аргумент: преобразование "double" в "int", возможна потеря данных
D:\User\Gosha\Documents\Repos\SAPR\SAPR\PostProcessor.cpp(288,55): warning C4244: аргумент: преобразование "double" в "int", возможна потеря данных
D:\User\Gosha\Documents\Repos\SAPR\SAPR\PostProcessor.cpp(289,85): warning C4244: аргумент: преобразование "double" в "int", возможна потеря данных
D:\User\Gosha\Documents\Repos\SAPR\SAPR\PostProcessor.cpp(289,55): warning C4244: аргумент: преобразование "double" в "int", возможна потеря данных
D:\User\Gosha\Documents\Repos\SAPR\SAPR\PostProcessor.cpp(290,85): warning C4244: аргумент: преобразование "double" в "int", возможна потеря данных
D:\User\Gosha\Documents\Repos\SAPR\SAPR\PostProcessor.cpp(290,55): warning C4244: аргумент: преобразование "double" в "int", возможна потеря данных
D:\User\Gosha\Documents\Repos\SAPR\SAPR\PostProcessor.cpp(291,85): warning C4244: аргумент: преобразование "double" в "int", возможна потеря данных
D:\User\Gosha\Documents\Repos\SAPR\SAPR\PostProcessor.cpp(291,55): warning C4244: аргумент: преобразование "double" в "int", возможна потеря данных
D:\User\Gosha\Documents\Repos\SAPR\SAPR\PostProcessor.cpp(292,85): warning C4244: аргумент: преобразование "double" в "int", возможна потеря данных
D:\User\Gosha\Documents\Repos\SAPR\SAPR\PostProcessor.cpp(292,55): warning C4244: аргумент: преобразование "double" в "int", возможна потеря данных
D:\User\Gosha\Documents\Repos\SAPR\SAPR\PostProcessor.cpp(293,85): warning C4244: аргумент: преобразование "double" в "int", возможна потеря данных
D:\User\Gosha\Documents\Repos\SAPR\SAPR\PostProcessor.cpp(293,55): warning C4244: аргумент: преобразование "double" в "int", возможна потеря данных
D:\User\Gosha\Documents\Repos\SAPR\SAPR\PostProcessor.cpp(294,85): warning C4244: аргумент: преобразование "double" в "int", возможна потеря данных
D:\User\Gosha\Documents\Repos\SAPR\SAPR\PostProcessor.cpp(294,55): warning C4244: аргумент: преобразование "double" в "int", возможна потеря данных
D:\User\Gosha\Documents\Repos\SAPR\SAPR\PostProcessor.cpp(299,160): warning C4244: аргумент: преобразование "double" в "int", возможна потеря данных
D:\User\Gosha\Documents\Repos\SAPR\SAPR\PostProcessor.cpp(299,93): warning C4244: аргумент: преобразование "double" в "int", возможна потеря данных
D:\User\Gosha\Documents\Repos\SAPR\SAPR\PostProcessor.cpp(300,160): warning C4244: аргумент: преобразование "double" в "int", возможна потеря данных
D:\User\Gosha\Documents\Repos\SAPR\SAPR\PostProcessor.cpp(300,93): warning C4244: аргумент: преобразование "double" в "int", возможна потеря данных
D:\User\Gosha\Documents\Repos\SAPR\SAPR\PostProcessor.cpp(301,160): warning C4244: аргумент: преобразование "double" в "int", возможна потеря данных
D:\User\Gosha\Documents\Repos\SAPR\SAPR\PostProcessor.cpp(301,93): warning C4244: аргумент: преобразование "double" в "int", возможна потеря данных
D:\User\Gosha\Documents\Repos\SAPR\SAPR\PostProcessor.cpp(302,160): warning C4244: аргумент: преобразование "double" в "int", возможна потеря данных
D:\User\Gosha\Documents\Repos\SAPR\SAPR\PostProcessor.cpp(302,93): warning C4244: аргумент: преобразование "double" в "int", возможна потеря данных
D:\User\Gosha\Documents\Repos\SAPR\SAPR\PostProcessor.cpp(303,160): warning C4244: аргумент: преобразование "double" в "int", возможна потеря данных
D:\User\Gosha\Documents\Repos\SAPR\SAPR\PostProcessor.cpp(303,93): warning C4244: аргумент: преобразование "double" в "int", возможна потеря данных
D:\User\Gosha\Documents\Repos\SAPR\SAPR\PostProcessor.cpp(304,160): warning C4244: аргумент: преобразование "double" в "int", возможна потеря данных
D:\User\Gosha\Documents\Repos\SAPR\SAPR\PostProcessor.cpp(304,93): warning C4244: аргумент: преобразование "double" в "int", возможна потеря данных
D:\User\Gosha\Documents\Repos\SAPR\SAPR\PostProcessor.cpp(305,160): warning C4244: аргумент: преобразование "double" в "int", возможна потеря данных
D:\User\Gosha\Documents\Repos\SAPR\SAPR\PostProcessor.cpp(305,93): warning C4244: аргумент: преобразование "double" в "int", возможна потеря данных
D:\User\Gosha\Documents\Repos\SAPR\SAPR\PostProcessor.cpp(306,160): warning C4244: аргумент: преобразование "double" в "int", возможна потеря данных
D:\User\Gosha\Documents\Repos\SAPR\SAPR\PostProcessor.cpp(306,93): warning C4244: аргумент: преобразование "double" в "int", возможна потеря данных
D:\User\Gosha\Documents\Repos\SAPR\SAPR\PostProcessor.cpp(307,155): warning C4244: аргумент: преобразование "double" в "int", возможна потеря данных
D:\User\Gosha\Documents\Repos\SAPR\SAPR\PostProcessor.cpp(307,59): warning C4244: аргумент: преобразование "double" в "int", возможна потеря данных
D:\User\Gosha\Documents\Repos\SAPR\SAPR\PostProcessor.cpp(308,155): warning C4244: аргумент: преобразование "double" в "int", возможна потеря данных
D:\User\Gosha\Documents\Repos\SAPR\SAPR\PostProcessor.cpp(308,59): warning C4244: аргумент: преобразование "double" в "int", возможна потеря данных
D:\User\Gosha\Documents\Repos\SAPR\SAPR\PostProcessor.cpp(309,155): warning C4244: аргумент: преобразование "double" в "int", возможна потеря данных
D:\User\Gosha\Documents\Repos\SAPR\SAPR\PostProcessor.cpp(309,59): warning C4244: аргумент: преобразование "double" в "int", возможна потеря данных
D:\User\Gosha\Documents\Repos\SAPR\SAPR\PostProcessor.cpp(310,155): warning C4244: аргумент: преобразование "double" в "int", возможна потеря данных
D:\User\Gosha\Documents\Repos\SAPR\SAPR\PostProcessor.cpp(310,59): warning C4244: аргумент: преобразование "double" в "int", возможна потеря данных
D:\User\Gosha\Documents\Repos\SAPR\SAPR\PostProcessor.cpp(311,156): warning C4244: аргумент: преобразование "double" в "int", возможна потеря данных
D:\User\Gosha\Documents\Repos\SAPR\SAPR\PostProcessor.cpp(311,59): warning C4244: аргумент: преобразование "double" в "int", возможна потеря данных
D:\User\Gosha\Documents\Repos\SAPR\SAPR\PostProcessor.cpp(312,156): warning C4244: аргумент: преобразование "double" в "int", возможна потеря данных
D:\User\Gosha\Documents\Repos\SAPR\SAPR\PostProcessor.cpp(312,59): warning C4244: аргумент: преобразование "double" в "int", возможна потеря данных
D:\User\Gosha\Documents\Repos\SAPR\SAPR\PostProcessor.cpp(313,156): warning C4244: аргумент: преобразование "double" в "int", возможна потеря данных
D:\User\Gosha\Documents\Repos\SAPR\SAPR\PostProcessor.cpp(313,59): warning C4244: аргумент: преобразование "double" в "int", возможна потеря данных
D:\User\Gosha\Documents\Repos\SAPR\SAPR\PostProcessor.cpp(314,156): warning C4244: аргумент: преобразование "double" в "int", возможна потеря данных
D:\User\Gosha\Documents\Repos\SAPR\SAPR\PostProcessor.cpp(314,59): warning C4244: аргумент: преобразование "double" в "int", возможна потеря данных
D:\User\Gosha\Documents\Repos\SAPR\SAPR\PostProcessor.cpp(315,156): warning C4244: аргумент: преобразование "double" в "int", возможна потеря данных
D:\User\Gosha\Documents\Repos\SAPR\SAPR\PostProcessor.cpp(315,59): warning C4244: аргумент: преобразование "double" в "int", возможна потеря данных
D:\User\Gosha\Documents\Repos\SAPR\SAPR\PostProcessor.cpp(316,161): warning C4244: аргумент: преобразование "double" в "int", возможна потеря данных
D:\User\Gosha\Documents\Repos\SAPR\SAPR\PostProcessor.cpp(316,93): warning C4244: аргумент: преобразование "double" в "int", возможна потеря данных
D:\User\Gosha\Documents\Repos\SAPR\SAPR\PostProcessor.cpp(317,161): warning C4244: аргумент: преобразование "double" в "int", возможна потеря данных
D:\User\Gosha\Documents\Repos\SAPR\SAPR\PostProcessor.cpp(317,93): warning C4244: аргумент: преобразование "double" в "int", возможна потеря данных
D:\User\Gosha\Documents\Repos\SAPR\SAPR\PostProcessor.cpp(318,161): warning C4244: аргумент: преобразование "double" в "int", возможна потеря данных
D:\User\Gosha\Documents\Repos\SAPR\SAPR\PostProcessor.cpp(318,93): warning C4244: аргумент: преобразование "double" в "int", возможна потеря данных
D:\User\Gosha\Documents\Repos\SAPR\SAPR\PostProcessor.cpp(319,161): warning C4244: аргумент: преобразование "double" в "int", возможна потеря данных
D:\User\Gosha\Documents\Repos\SAPR\SAPR\PostProcessor.cpp(319,93): warning C4244: аргумент: преобразование "double" в "int", возможна потеря данных
D:\User\Gosha\Documents\Repos\SAPR\SAPR\PostProcessor.cpp(320,161): warning C4244: аргумент: преобразование "double" в "int", возможна потеря данных
D:\User\Gosha\Documents\Repos\SAPR\SAPR\PostProcessor.cpp(320,93): warning C4244: аргумент: преобразование "double" в "int", возможна потеря данных
D:\User\Gosha\Documents\Repos\SAPR\SAPR\PostProcessor.cpp(321,161): warning C4244: аргумент: преобразование "double" в "int", возможна потеря данных
D:\User\Gosha\Documents\Repos\SAPR\SAPR\PostProcessor.cpp(321,93): warning C4244: аргумент: преобразование "double" в "int", возможна потеря данных
D:\User\Gosha\Documents\Repos\SAPR\SAPR\PostProcessor.cpp(322,161): warning C4244: аргумент: преобразование "double" в "int", возможна потеря данных
D:\User\Gosha\Documents\Repos\SAPR\SAPR\PostProcessor.cpp(322,93): warning C4244: аргумент: преобразование "double" в "int", возможна потеря данных
D:\User\Gosha\Documents\Repos\SAPR\SAPR\PostProcessor.cpp(323,161): warning C4244: аргумент: преобразование "double" в "int", возможна потеря данных
D:\User\Gosha\Documents\Repos\SAPR\SAPR\PostProcessor.cpp(323,93): warning C4244: аргумент: преобразование "double" в "int", возможна потеря данных
D:\User\Gosha\Documents\Repos\SAPR\SAPR\PostProcessor.cpp(326,160): warning C4244: аргумент: преобразование "double" в "int", возможна потеря данных
D:\User\Gosha\Documents\Repos\SAPR\SAPR\PostProcessor.cpp(326,93): warning C4244: аргумент: преобразование "double" в "int", возможна потеря данных
D:\User\Gosha\Documents\Repos\SAPR\SAPR\PostProcessor.cpp(327,160): warning C4244: аргумент: преобразование "double" в "int", возможна потеря данных
D:\User\Gosha\Documents\Repos\SAPR\SAPR\PostProcessor.cpp(327,93): warning C4244: аргумент: преобразование "double" в "int", возможна потеря данных
D:\User\Gosha\Documents\Repos\SAPR\SAPR\PostProcessor.cpp(328,160): warning C4244: аргумент: преобразование "double" в "int", возможна потеря данных
D:\User\Gosha\Documents\Repos\SAPR\SAPR\PostProcessor.cpp(328,93): warning C4244: аргумент: преобразование "double" в "int", возможна потеря данных
D:\User\Gosha\Documents\Repos\SAPR\SAPR\PostProcessor.cpp(329,160): warning C4244: аргумент: преобразование "double" в "int", возможна потеря данных
D:\User\Gosha\Documents\Repos\SAPR\SAPR\PostProcessor.cpp(329,93): warning C4244: аргумент: преобразование "double" в "int", возможна потеря данных
D:\User\Gosha\Documents\Repos\SAPR\SAPR\PostProcessor.cpp(330,160): warning C4244: аргумент: преобразование "double" в "int", возможна потеря данных
D:\User\Gosha\Documents\Repos\SAPR\SAPR\PostProcessor.cpp(330,93): warning C4244: аргумент: преобразование "double" в "int", возможна потеря данных
D:\User\Gosha\Documents\Repos\SAPR\SAPR\PostProcessor.cpp(331,160): warning C4244: аргумент: преобразование "double" в "int", возможна потеря данных
D:\User\Gosha\Documents\Repos\SAPR\SAPR\PostProcessor.cpp(331,93): warning C4244: аргумент: преобразование "double" в "int", возможна потеря данных
D:\User\Gosha\Documents\Repos\SAPR\SAPR\PostProcessor.cpp(332,160): warning C4244: аргумент: преобразование "double" в "int", возможна потеря данных
D:\User\Gosha\Documents\Repos\SAPR\SAPR\PostProcessor.cpp(332,93): warning C4244: аргумент: преобразование "double" в "int", возможна потеря данных
D:\User\Gosha\Documents\Repos\SAPR\SAPR\PostProcessor.cpp(333,160): warning C4244: аргумент: преобразование "double" в "int", возможна потеря данных
D:\User\Gosha\Documents\Repos\SAPR\SAPR\PostProcessor.cpp(333,93): warning C4244: аргумент: преобразование "double" в "int", возможна потеря данных
D:\User\Gosha\Documents\Repos\SAPR\SAPR\PostProcessor.cpp(334,155): warning C4244: аргумент: преобразование "double" в "int", возможна потеря данных
D:\User\Gosha\Documents\Repos\SAPR\SAPR\PostProcessor.cpp(334,59): warning C4244: аргумент: преобразование "double" в "int", возможна потеря данных
D:\User\Gosha\Documents\Repos\SAPR\SAPR\PostProcessor.cpp(335,155): warning C4244: аргумент: преобразование "double" в "int", возможна потеря данных
D:\User\Gosha\Documents\Repos\SAPR\SAPR\PostProcessor.cpp(335,59): warning C4244: аргумент: преобразование "double" в "int", возможна потеря данных
D:\User\Gosha\Documents\Repos\SAPR\SAPR\PostProcessor.cpp(336,155): warning C4244: аргумент: преобразование "double" в "int", возможна потеря данных
D:\User\Gosha\Documents\Repos\SAPR\SAPR\PostProcessor.cpp(336,59): warning C4244: аргумент: преобразование "double" в "int", возможна потеря данных
D:\User\Gosha\Documents\Repos\SAPR\SAPR\PostProcessor.cpp(337,155): warning C4244: аргумент: преобразование "double" в "int", возможна потеря данных
D:\User\Gosha\Documents\Repos\SAPR\SAPR\PostProcessor.cpp(337,59): warning C4244: аргумент: преобразование "double" в "int", возможна потеря данных
D:\User\Gosha\Documents\Repos\SAPR\SAPR\PostProcessor.cpp(338,156): warning C4244: аргумент: преобразование "double" в "int", возможна потеря данных
D:\User\Gosha\Documents\Repos\SAPR\SAPR\PostProcessor.cpp(338,59): warning C4244: аргумент: преобразование "double" в "int", возможна потеря данных
D:\User\Gosha\Documents\Repos\SAPR\SAPR\PostProcessor.cpp(339,156): warning C4244: аргумент: преобразование "double" в "int", возможна потеря данных
D:\User\Gosha\Documents\Repos\SAPR\SAPR\PostProcessor.cpp(339,59): warning C4244: аргумент: преобразование "double" в "int", возможна потеря данных
D:\User\Gosha\Documents\Repos\SAPR\SAPR\PostProcessor.cpp(340,156): warning C4244: аргумент: преобразование "double" в "int", возможна потеря данных
D:\User\Gosha\Documents\Repos\SAPR\SAPR\PostProcessor.cpp(340,59): warning C4244: аргумент: преобразование "double" в "int", возможна потеря данных
D:\User\Gosha\Documents\Repos\SAPR\SAPR\PostProcessor.cpp(341,156): warning C4244: аргумент: преобразование "double" в "int", возможна потеря данных
D:\User\Gosha\Documents\Repos\SAPR\SAPR\PostProcessor.cpp(341,59): warning C4244: аргумент: преобразование "double" в "int", возможна потеря данных
D:\User\Gosha\Documents\Repos\SAPR\SAPR\PostProcessor.cpp(342,156): warning C4244: аргумент: преобразование "double" в "int", возможна потеря данных
D:\User\Gosha\Documents\Repos\SAPR\SAPR\PostProcessor.cpp(342,59): warning C4244: аргумент: преобразование "double" в "int", возможна потеря данных
D:\User\Gosha\Documents\Repos\SAPR\SAPR\PostProcessor.cpp(343,161): warning C4244: аргумент: преобразование "double" в "int", возможна потеря данных
D:\User\Gosha\Documents\Repos\SAPR\SAPR\PostProcessor.cpp(343,93): warning C4244: аргумент: преобразование "double" в "int", возможна потеря данных
D:\User\Gosha\Documents\Repos\SAPR\SAPR\PostProcessor.cpp(344,161): warning C4244: аргумент: преобразование "double" в "int", возможна потеря данных
D:\User\Gosha\Documents\Repos\SAPR\SAPR\PostProcessor.cpp(344,93): warning C4244: аргумент: преобразование "double" в "int", возможна потеря данных
D:\User\Gosha\Documents\Repos\SAPR\SAPR\PostProcessor.cpp(345,161): warning C4244: аргумент: преобразование "double" в "int", возможна потеря данных
D:\User\Gosha\Documents\Repos\SAPR\SAPR\PostProcessor.cpp(345,93): warning C4244: аргумент: преобразование "double" в "int", возможна потеря данных
D:\User\Gosha\Documents\Repos\SAPR\SAPR\PostProcessor.cpp(346,161): warning C4244: аргумент: преобразование "double" в "int", возможна потеря данных
D:\User\Gosha\Documents\Repos\SAPR\SAPR\PostProcessor.cpp(346,93): warning C4244: аргумент: преобразование "double" в "int", возможна потеря данных
D:\User\Gosha\Documents\Repos\SAPR\SAPR\PostProcessor.cpp(347,161): warning C4244: аргумент: преобразование "double" в "int", возможна потеря данных
D:\User\Gosha\Documents\Repos\SAPR\SAPR\PostProcessor.cpp(347,93): warning C4244: аргумент: преобразование "double" в "int", возможна потеря данных
D:\User\Gosha\Documents\Repos\SAPR\SAPR\PostProcessor.cpp(348,161): warning C4244: аргумент: преобразование "double" в "int", возможна потеря данных
D:\User\Gosha\Documents\Repos\SAPR\SAPR\PostProcessor.cpp(348,93): warning C4244: аргумент: преобразование "double" в "int", возможна потеря данных
D:\User\Gosha\Documents\Repos\SAPR\SAPR\PostProcessor.cpp(349,161): warning C4244: аргумент: преобразование "double" в "int", возможна потеря данных
D:\User\Gosha\Documents\Repos\SAPR\SAPR\PostProcessor.cpp(349,93): warning C4244: аргумент: преобразование "double" в "int", возможна потеря данных
D:\User\Gosha\Documents\Repos\SAPR\SAPR\PostProcessor.cpp(350,161): warning C4244: аргумент: преобразование "double" в "int", возможна потеря данных
D:\User\Gosha\Documents\Repos\SAPR\SAPR\PostProcessor.cpp(350,93): warning C4244: аргумент: преобразование "double" в "int", возможна потеря данных
D:\User\Gosha\Documents\Repos\SAPR\SAPR\PostProcessor.cpp(359,70): warning C4244: аргумент: преобразование "double" в "int", возможна потеря данных
D:\User\Gosha\Documents\Repos\SAPR\SAPR\PostProcessor.cpp(359,46): warning C4244: аргумент: преобразование "double" в "int", возможна потеря данных
D:\User\Gosha\Documents\Repos\SAPR\SAPR\PostProcessor.cpp(361,90): warning C4244: аргумент: преобразование "double" в "int", возможна потеря данных
D:\User\Gosha\Documents\Repos\SAPR\SAPR\PostProcessor.cpp(361,48): warning C4244: аргумент: преобразование "double" в "int", возможна потеря данных
D:\User\Gosha\Documents\Repos\SAPR\SAPR\PostProcessor.cpp(364,77): warning C4244: аргумент: преобразование "double" в "int", возможна потеря данных
D:\User\Gosha\Documents\Repos\SAPR\SAPR\PostProcessor.cpp(364,46): warning C4244: аргумент: преобразование "double" в "int", возможна потеря данных
D:\User\Gosha\Documents\Repos\SAPR\SAPR\PostProcessor.cpp(367,155): warning C4244: аргумент: преобразование "int" в "float", возможна потеря данных
D:\User\Gosha\Documents\Repos\SAPR\SAPR\PostProcessor.cpp(367,141): warning C4244: аргумент: преобразование "double" в "float", возможна потеря данных
D:\User\Gosha\Documents\Repos\SAPR\SAPR\PostProcessor.cpp(372,77): warning C4244: аргумент: преобразование "double" в "int", возможна потеря данных
D:\User\Gosha\Documents\Repos\SAPR\SAPR\PostProcessor.cpp(372,46): warning C4244: аргумент: преобразование "double" в "int", возможна потеря данных
D:\User\Gosha\Documents\Repos\SAPR\SAPR\PostProcessor.cpp(373,102): warning C4244: аргумент: преобразование "int" в "float", возможна потеря данных
D:\User\Gosha\Documents\Repos\SAPR\SAPR\PostProcessor.cpp(373,88): warning C4244: аргумент: преобразование "double" в "float", возможна потеря данных
D:\User\Gosha\Documents\Repos\SAPR\SAPR\PostProcessor.cpp(381,39): warning C4244: +=: преобразование "double" в "int", возможна потеря данных
D:\User\Gosha\Documents\Repos\SAPR\SAPR\PostProcessor.cpp(386,77): warning C4244: аргумент: преобразование "double" в "int", возможна потеря данных
D:\User\Gosha\Documents\Repos\SAPR\SAPR\PostProcessor.cpp(386,46): warning C4244: аргумент: преобразование "double" в "int", возможна потеря данных
D:\User\Gosha\Documents\Repos\SAPR\SAPR\PostProcessor.cpp(387,102): warning C4244: аргумент: преобразование "int" в "float", возможна потеря данных
D:\User\Gosha\Documents\Repos\SAPR\SAPR\PostProcessor.cpp(387,88): warning C4244: аргумент: преобразование "double" в "float", возможна потеря данных
D:\User\Gosha\Documents\Repos\SAPR\SAPR\PostProcessor.cpp(395,39): warning C4244: +=: преобразование "double" в "int", возможна потеря данных
D:\User\Gosha\Documents\Repos\SAPR\SAPR\PostProcessor.cpp(400,81): warning C4244: аргумент: преобразование "double" в "int", возможна потеря данных
D:\User\Gosha\Documents\Repos\SAPR\SAPR\PostProcessor.cpp(400,46): warning C4244: аргумент: преобразование "double" в "int", возможна потеря данных
D:\User\Gosha\Documents\Repos\SAPR\SAPR\PostProcessor.cpp(401,106): warning C4244: аргумент: преобразование "int" в "float", возможна потеря данных
D:\User\Gosha\Documents\Repos\SAPR\SAPR\PostProcessor.cpp(401,88): warning C4244: аргумент: преобразование "double" в "float", возможна потеря данных
D:\User\Gosha\Documents\Repos\SAPR\SAPR\PostProcessor.cpp(409,39): warning C4244: +=: преобразование "double" в "int", возможна потеря данных
  Global.obj : обнаружен модуль MSIL; для MSIL последовательная компоновка отключена; выполняется полная компоновка
  SAPR.vcxproj -> D:\User\Gosha\Documents\Repos\SAPR\x64\Debug\SAPR.exe
