c:\users\gosha\source\repos\sapr\sapr\x64\debug\vc142.pdb
c:\users\gosha\source\repos\sapr\sapr\x64\debug\.netframework,version=v4.7.2.assemblyattributes.obj
c:\users\gosha\source\repos\sapr\sapr\x64\debug\mainwindow.obj
c:\users\gosha\source\repos\sapr\sapr\x64\debug\preprocessor.obj
c:\users\gosha\source\repos\sapr\sapr\x64\debug\processor.obj
c:\users\gosha\source\repos\sapr\sapr\x64\debug\postprocessor.obj
d:\user\gosha\documents\repos\sapr\sapr\x64\debug\vc142.pdb
d:\user\gosha\documents\repos\sapr\sapr\x64\debug\.netframework,version=v4.7.2.assemblyattributes.obj
d:\user\gosha\documents\repos\sapr\sapr\x64\debug\processor.obj
d:\user\gosha\documents\repos\sapr\sapr\x64\debug\preprocessor.obj
d:\user\gosha\documents\repos\sapr\sapr\x64\debug\postprocessor.obj
d:\user\gosha\documents\repos\sapr\sapr\x64\debug\global.obj
c:\users\gosha\source\repos\sapr\x64\debug\sapr.exe
c:\users\gosha\source\repos\sapr\x64\debug\sapr.pdb
d:\user\gosha\documents\repos\sapr\x64\debug\sapr.exe
d:\user\gosha\documents\repos\sapr\x64\debug\sapr.pdb
c:\users\gosha\source\repos\sapr\sapr\x64\debug\sapr.preprocessor.resources
d:\user\gosha\documents\repos\sapr\sapr\x64\debug\sapr.postprocessor.resources
d:\user\gosha\documents\repos\sapr\sapr\x64\debug\sapr.preprocessor.resources
d:\user\gosha\documents\repos\sapr\sapr\x64\debug\sapr.processor.resources
d:\user\gosha\documents\repos\sapr\sapr\x64\debug\sapr.tlog\cl.command.1.tlog
d:\user\gosha\documents\repos\sapr\sapr\x64\debug\sapr.tlog\cl.read.1.tlog
d:\user\gosha\documents\repos\sapr\sapr\x64\debug\sapr.tlog\cl.write.1.tlog
d:\user\gosha\documents\repos\sapr\sapr\x64\debug\sapr.tlog\link.command.1.tlog
d:\user\gosha\documents\repos\sapr\sapr\x64\debug\sapr.tlog\link.read.1.tlog
d:\user\gosha\documents\repos\sapr\sapr\x64\debug\sapr.tlog\link.write.1.tlog
d:\user\gosha\documents\repos\sapr\sapr\x64\debug\sapr.tlog\metagen.read.1.tlog
d:\user\gosha\documents\repos\sapr\sapr\x64\debug\sapr.tlog\metagen.write.1.tlog
d:\user\gosha\documents\repos\sapr\sapr\x64\debug\sapr.tlog\sapr.write.1u.tlog
